2019-05-13 20:25:30 INFO  PluginTasksProjectComponent.projectOpened(77) - ---------- Project opened ----------
2019-05-13 20:25:30 INFO  PluginTasksProjectComponent.projectOpened(78) - ---------- Version 3.30 ----------

2019-05-13 20:25:30 INFO  PluginTasksProjectComponent.setAutoscrolls(366) - Autoscrolls successfully set
2019-05-13 20:25:30 INFO  ApacheHttpClient.isSessionAppropriateWithSecretKey(572) - The session is not set in the property file.
2019-05-13 20:25:30 INFO  ApacheHttpClient.login(238) - Waiting for server response.
2019-05-13 20:25:30 INFO  ApacheHttpClient.login(242) - responseCode = 200
2019-05-13 20:25:30 INFO  ApacheHttpClient.login(265) - JSESSIONID OK
2019-05-13 20:25:30 INFO  ApacheHttpClient.refreshUserInfo(293) - responseCode = 200
2019-05-13 20:25:30 INFO  ApacheHttpClient.refreshUserInfo(299) - User information received.
2019-05-13 20:25:30 INFO  ApacheHttpClient.startGA(35) - GAService started.
2019-05-13 20:25:30 INFO  AbstractRestApiClient.startService(71) - EventsService started.
2019-05-13 20:26:11 INFO  PluginTasksProjectComponent.projectOpened(77) - ---------- Project opened ----------
2019-05-13 20:26:11 INFO  PluginTasksProjectComponent.projectOpened(78) - ---------- Version 3.30 ----------

2019-05-13 20:26:11 INFO  PluginTasksProjectComponent.setAutoscrolls(366) - Autoscrolls successfully set
2019-05-13 20:26:12 INFO  ApacheHttpClient.isSessionAppropriateWithSecretKey(572) - The session is not set in the property file.
2019-05-13 20:26:12 INFO  ApacheHttpClient.logout(616) - Waiting for server response.
2019-05-13 20:26:13 INFO  ApacheHttpClient.login(238) - Waiting for server response.
2019-05-13 20:26:13 INFO  ApacheHttpClient.login(242) - responseCode = 200
2019-05-13 20:26:13 INFO  ApacheHttpClient.login(265) - JSESSIONID OK
2019-05-13 20:26:13 INFO  ApacheHttpClient.refreshUserInfo(293) - responseCode = 200
2019-05-13 20:26:13 INFO  ApacheHttpClient.refreshUserInfo(299) - User information received.
2019-05-13 20:26:13 INFO  ApacheHttpClient.startGA(35) - GAService started.
2019-05-13 20:26:13 WARN  PluginUtil.isProjectStructureCorrect(344) - The project structure is invalid.
2019-05-13 20:26:33 INFO  PluginTasksProjectComponent.projectClosing(188) - ---------- Project closed ----------

2019-05-13 20:26:34 INFO  PluginTasksProjectComponent.projectClosing(188) - ---------- Project closed ----------

2019-05-13 20:29:32 INFO  PluginTasksProjectComponent.projectOpened(77) - ---------- Project opened ----------
2019-05-13 20:29:32 INFO  PluginTasksProjectComponent.projectOpened(78) - ---------- Version 3.30 ----------

2019-05-13 20:29:32 INFO  PluginTasksProjectComponent.setAutoscrolls(366) - Autoscrolls successfully set
2019-05-13 20:29:32 INFO  ApacheHttpClient.createAsyncHttpClient(135) - 1 proxies selected. Type: DIRECT
2019-05-13 20:29:32 INFO  ApacheHttpClient.<init>(93) - ApacheHttpClient was successfully instantiated.
2019-05-13 20:29:32 INFO  ApacheHttpClient.testConnection(193) - responseCode = 200
2019-05-13 20:29:32 INFO  ApacheHttpClient.testConnection(208) - result = true
2019-05-13 20:29:32 INFO  ApacheHttpClient.isSessionAppropriateWithSecretKey(585) - Waiting for server response.
2019-05-13 20:29:32 INFO  ApacheHttpClient.logout(616) - Waiting for server response.
2019-05-13 20:29:33 INFO  ApacheHttpClient.login(238) - Waiting for server response.
2019-05-13 20:29:33 INFO  ApacheHttpClient.login(242) - responseCode = 200
2019-05-13 20:29:33 INFO  ApacheHttpClient.login(265) - JSESSIONID OK
2019-05-13 20:29:33 INFO  ApacheHttpClient.refreshUserInfo(293) - responseCode = 200
2019-05-13 20:29:33 INFO  ApacheHttpClient.refreshUserInfo(299) - User information received.
2019-05-13 20:29:33 INFO  ApacheHttpClient.startGA(35) - GAService started.
2019-05-13 20:29:33 INFO  AbstractRestApiClient.startService(71) - EventsService started.
2019-05-13 20:29:54 INFO  ApacheHttpClient.getWebResourceAsStream(485) - responseCode = 200
2019-05-13 20:29:55 INFO  ApacheHttpClient.getFilteredTasks(324) - responseCode = 200
2019-05-13 20:30:03 INFO  ApacheHttpClient.getFilteredTasks(324) - responseCode = 200
2019-05-13 20:30:09 INFO  ApacheHttpClient.getWebResourceAsStream(485) - responseCode = 200
2019-05-13 20:30:09 INFO  ApacheHttpClient.getWebResourceAsStream(485) - responseCode = 200
2019-05-13 20:30:10 INFO  ApacheHttpClient.getTaskTemplateInfo(341) - responseCode = 200
2019-05-13 20:30:12 INFO  ApacheHttpClient.testConnection(193) - responseCode = 200
2019-05-13 20:30:12 INFO  ApacheHttpClient.testConnection(208) - result = true
2019-05-13 20:30:14 INFO  ApacheHttpClient.testConnection(193) - responseCode = 200
2019-05-13 20:30:14 INFO  ApacheHttpClient.testConnection(208) - result = true
2019-05-13 20:30:14 INFO  ApacheHttpClient.getWebResourceAsStream(485) - responseCode = 200
2019-05-13 20:30:14 INFO  ApacheHttpClient.getTaskTemplateInfo(341) - responseCode = 200
2019-05-13 20:30:16 INFO  ApacheHttpClient.testConnection(193) - responseCode = 200
2019-05-13 20:30:16 INFO  ApacheHttpClient.testConnection(208) - result = true
2019-05-13 20:30:17 INFO  ApacheHttpClient.testConnection(193) - responseCode = 200
2019-05-13 20:30:17 INFO  ApacheHttpClient.testConnection(208) - result = true
2019-05-13 20:30:19 INFO  ApacheHttpClient.getWebResourceAsStream(485) - responseCode = 200
2019-05-13 20:30:19 INFO  ApacheHttpClient.getWebResourceAsStream(485) - responseCode = 200
2019-05-13 20:30:21 INFO  ApacheHttpClient.testConnection(193) - responseCode = 200
2019-05-13 20:30:21 INFO  ApacheHttpClient.testConnection(208) - result = true
2019-05-13 20:30:33 INFO  ApacheHttpClient.sendEvent(518) - responseCode = 200
2019-05-13 20:30:40 INFO  ApacheHttpClient.getWebResourceAsStream(485) - responseCode = 200
2019-05-13 20:30:40 INFO  ApacheHttpClient.getWebResourceAsStream(485) - responseCode = 200
2019-05-13 20:30:40 INFO  ApacheHttpClient.getTask(471) - responseCode = 200
2019-05-13 20:30:42 INFO  ApacheHttpClient.completed(28) - responseCode = 200
2019-05-13 20:31:33 INFO  ApacheHttpClient.sendEvent(518) - responseCode = 200
2019-05-13 20:32:33 INFO  ApacheHttpClient.sendEvent(518) - responseCode = 200
2019-05-13 20:33:33 INFO  ApacheHttpClient.sendEvent(518) - responseCode = 200
2019-05-13 20:34:33 INFO  ApacheHttpClient.sendEvent(518) - responseCode = 200
2019-05-13 20:35:33 INFO  ApacheHttpClient.sendEvent(518) - responseCode = 200
2019-05-13 20:36:33 INFO  ApacheHttpClient.sendEvent(518) - responseCode = 200
2019-05-13 20:37:33 INFO  ApacheHttpClient.sendEvent(518) - responseCode = 200
